<?xml version="1.0" encoding="UTF-8"?>
<!-- Generated by org.testng.reporters.JUnitXMLReporter -->
<testsuite ignored="0" hostname="LTIN191129" failures="0" tests="20" name="Test" time="258.527" errors="0" timestamp="2024-02-13T20:11:56 IST">
  <testcase classname="testCases.TC_001_CarLoanCalculatorTest" name="verify_inputs_car_loan_calculator" time="2.106"/>
  <testcase classname="testCases.TC_001_CarLoanCalculatorTest" name="verify_car_loan_calculator" time="0.476"/>
  <testcase classname="testCases.TC_002_HomeLoanCalculatorTest" name="verify_home_loan" time="23.059"/>
  <testcase classname="testCases.TC_003_EMICalculatorTest" name="verify_calculator_type_opened" time="10.842"/>
  <testcase classname="testCases.TC_003_EMICalculatorTest" name="verify_LoanAmount_InputAndSlider" time="11.063"/>
  <testcase classname="testCases.TC_003_EMICalculatorTest" name="verify_InterestRate_InputAndSlider" time="11.002"/>
  <testcase classname="testCases.TC_003_EMICalculatorTest" name="verify_LoanTenure_InputAndSlider" time="10.925"/>
  <testcase classname="testCases.TC_003_EMICalculatorTest" name="verify_FeesAndCharges_InputAndSlider" time="6.02"/>
  <testcase classname="testCases.TC_003_EMICalculatorTest" name="loanTenureValidation" time="0.354"/>
  <testcase classname="testCases.TC_004_LoanAmountCalculatorTest" name="verify_calculator_type_opened" time="12.166"/>
  <testcase classname="testCases.TC_004_LoanAmountCalculatorTest" name="verify_EMI_InputAndSlider" time="11.066"/>
  <testcase classname="testCases.TC_004_LoanAmountCalculatorTest" name="verify_InterestRate_InputAndSlider" time="11.149"/>
  <testcase classname="testCases.TC_004_LoanAmountCalculatorTest" name="verify_LoanTenure_InputAndSlider" time="11.131"/>
  <testcase classname="testCases.TC_004_LoanAmountCalculatorTest" name="verify_FeesAndCharges_InputAndSlider" time="6.103"/>
  <testcase classname="testCases.TC_004_LoanAmountCalculatorTest" name="loanTenureValidation" time="0.338"/>
  <testcase classname="testCases.TC_005_LoanTenureCalculatorTest" name="verify_calculator_type_opened" time="11.236"/>
  <testcase classname="testCases.TC_005_LoanTenureCalculatorTest" name="verify_LoanAmount_InputAndSlider" time="11.024"/>
  <testcase classname="testCases.TC_005_LoanTenureCalculatorTest" name="verify_InterestRate_InputAndSlider" time="11.044"/>
  <testcase classname="testCases.TC_005_LoanTenureCalculatorTest" name="verify_EMI_InputAndSlider" time="11.03"/>
  <testcase classname="testCases.TC_005_LoanTenureCalculatorTest" name="verify_FeesAndCharges_InputAndSlider" time="6.209"/>
</testsuite> <!-- Test -->
