<?xml version="1.0" encoding="UTF-8"?>
<!-- Generated by org.testng.reporters.JUnitXMLReporter -->
<testsuite ignored="0" hostname="LTIN191129" failures="0" tests="19" name="Test" time="267.169" errors="0" timestamp="2024-02-12T09:57:45 IST">
  <testcase classname="testCases.TC_001_CarLoanCalculatorTest" name="verify_car_loan_calculator" time="23.686"/>
  <testcase classname="testCases.TC_002_HomeLoanCalculatorTest" name="verify_home_loan" time="23.757"/>
  <testcase classname="testCases.TC_003_EMICalculatorTest" name="verify_calculator" time="6.594"/>
  <testcase classname="testCases.TC_003_EMICalculatorTest" name="verify_LoanAmount_InputAndSlider" time="10.998"/>
  <testcase classname="testCases.TC_003_EMICalculatorTest" name="verify_InterestRate_InputAndSlider" time="11.724"/>
  <testcase classname="testCases.TC_003_EMICalculatorTest" name="verify_LoanTenure_InputAndSlider" time="11.582"/>
  <testcase classname="testCases.TC_003_EMICalculatorTest" name="verify_FeesAndCharges_InputAndSlider" time="5.959"/>
  <testcase classname="testCases.TC_003_EMICalculatorTest" name="loanTenureValidation" time="0.35"/>
  <testcase classname="testCases.TC_004_LoanAmountCalculatorTest" name="verify_calculator" time="19.171"/>
  <testcase classname="testCases.TC_004_LoanAmountCalculatorTest" name="verify_EMI_InputAndSlider" time="10.86"/>
  <testcase classname="testCases.TC_004_LoanAmountCalculatorTest" name="verify_InterestRate_InputAndSlider" time="10.987"/>
  <testcase classname="testCases.TC_004_LoanAmountCalculatorTest" name="verify_LoanTenure_InputAndSlider" time="10.975"/>
  <testcase classname="testCases.TC_004_LoanAmountCalculatorTest" name="verify_FeesAndCharges_InputAndSlider" time="5.877"/>
  <testcase classname="testCases.TC_004_LoanAmountCalculatorTest" name="loanTenureValidation" time="0.423"/>
  <testcase classname="testCases.TC_005_LoanTenureCalculatorTest" name="verify_calculator" time="6.392"/>
  <testcase classname="testCases.TC_005_LoanTenureCalculatorTest" name="verify_LoanAmount_InputAndSlider" time="10.889"/>
  <testcase classname="testCases.TC_005_LoanTenureCalculatorTest" name="verify_InterestRate_InputAndSlider" time="10.922"/>
  <testcase classname="testCases.TC_005_LoanTenureCalculatorTest" name="verify_EMI_InputAndSlider" time="10.905"/>
  <testcase classname="testCases.TC_005_LoanTenureCalculatorTest" name="verify_FeesAndCharges_InputAndSlider" time="5.825"/>
</testsuite> <!-- Test -->
