<?xml version="1.0" encoding="UTF-8"?>
<!-- Generated by org.testng.reporters.JUnitXMLReporter -->
<testsuite ignored="0" hostname="LTIN191129" failures="0" tests="20" name="Test" time="223.181" errors="0" timestamp="2024-02-15T11:12:14 IST">
  <testcase classname="testCases.TC_001_CarLoanCalculatorTest" name="verify_inputs_car_loan_calculator" time="1.341"/>
  <testcase classname="testCases.TC_001_CarLoanCalculatorTest" name="verify_car_loan_calculator" time="0.367"/>
  <testcase classname="testCases.TC_002_HomeLoanCalculatorTest" name="verify_home_loan" time="19.283"/>
  <testcase classname="testCases.TC_003_EMICalculatorTest" name="verify_calculator_type_opened" time="6.383"/>
  <testcase classname="testCases.TC_003_EMICalculatorTest" name="verify_LoanAmount_InputAndSlider" time="10.938"/>
  <testcase classname="testCases.TC_003_EMICalculatorTest" name="verify_InterestRate_InputAndSlider" time="10.804"/>
  <testcase classname="testCases.TC_003_EMICalculatorTest" name="verify_LoanTenure_InputAndSlider" time="11.009"/>
  <testcase classname="testCases.TC_003_EMICalculatorTest" name="verify_FeesAndCharges_InputAndSlider" time="5.933"/>
  <testcase classname="testCases.TC_003_EMICalculatorTest" name="loanTenureValidation" time="0.304"/>
  <testcase classname="testCases.TC_004_LoanAmountCalculatorTest" name="verify_calculator_type_opened" time="7.063"/>
  <testcase classname="testCases.TC_004_LoanAmountCalculatorTest" name="verify_EMI_InputAndSlider" time="10.876"/>
  <testcase classname="testCases.TC_004_LoanAmountCalculatorTest" name="verify_InterestRate_InputAndSlider" time="10.807"/>
  <testcase classname="testCases.TC_004_LoanAmountCalculatorTest" name="verify_LoanTenure_InputAndSlider" time="10.972"/>
  <testcase classname="testCases.TC_004_LoanAmountCalculatorTest" name="verify_FeesAndCharges_InputAndSlider" time="5.848"/>
  <testcase classname="testCases.TC_004_LoanAmountCalculatorTest" name="loanTenureValidation" time="0.194"/>
  <testcase classname="testCases.TC_005_LoanTenureCalculatorTest" name="verify_calculator_type_opened" time="6.625"/>
  <testcase classname="testCases.TC_005_LoanTenureCalculatorTest" name="verify_LoanAmount_InputAndSlider" time="10.854"/>
  <testcase classname="testCases.TC_005_LoanTenureCalculatorTest" name="verify_InterestRate_InputAndSlider" time="10.903"/>
  <testcase classname="testCases.TC_005_LoanTenureCalculatorTest" name="verify_EMI_InputAndSlider" time="10.851"/>
  <testcase classname="testCases.TC_005_LoanTenureCalculatorTest" name="verify_FeesAndCharges_InputAndSlider" time="5.831"/>
</testsuite> <!-- Test -->
