<?xml version="1.0" encoding="UTF-8"?>
<testng-results ignored="0" total="20" passed="20" failed="0" skipped="0">
  <reporter-output>
  </reporter-output>
  <suite started-at="2024-02-15T11:08:23 IST" name="Suite" finished-at="2024-02-15T11:12:06 IST" duration-ms="223181">
    <groups>
      <group name="regression">
        <method signature="TC_001_CarLoanCalculatorTest.verify_inputs_car_loan_calculator()[pri:1, instance:testCases.TC_001_CarLoanCalculatorTest@74c79fa2]" name="verify_inputs_car_loan_calculator" class="testCases.TC_001_CarLoanCalculatorTest"/>
        <method signature="TC_001_CarLoanCalculatorTest.verify_car_loan_calculator()[pri:2, instance:testCases.TC_001_CarLoanCalculatorTest@74c79fa2]" name="verify_car_loan_calculator" class="testCases.TC_001_CarLoanCalculatorTest"/>
        <method signature="TC_002_HomeLoanCalculatorTest.verify_home_loan()[pri:3, instance:testCases.TC_002_HomeLoanCalculatorTest@63a270c9]" name="verify_home_loan" class="testCases.TC_002_HomeLoanCalculatorTest"/>
        <method signature="TC_003_EMICalculatorTest.verify_calculator_type_opened()[pri:4, instance:testCases.TC_003_EMICalculatorTest@37c7595]" name="verify_calculator_type_opened" class="testCases.TC_003_EMICalculatorTest"/>
        <method signature="TC_003_EMICalculatorTest.verify_LoanAmount_InputAndSlider()[pri:5, instance:testCases.TC_003_EMICalculatorTest@37c7595]" name="verify_LoanAmount_InputAndSlider" class="testCases.TC_003_EMICalculatorTest"/>
        <method signature="TC_003_EMICalculatorTest.verify_InterestRate_InputAndSlider()[pri:6, instance:testCases.TC_003_EMICalculatorTest@37c7595]" name="verify_InterestRate_InputAndSlider" class="testCases.TC_003_EMICalculatorTest"/>
        <method signature="TC_003_EMICalculatorTest.verify_LoanTenure_InputAndSlider()[pri:7, instance:testCases.TC_003_EMICalculatorTest@37c7595]" name="verify_LoanTenure_InputAndSlider" class="testCases.TC_003_EMICalculatorTest"/>
        <method signature="TC_003_EMICalculatorTest.verify_FeesAndCharges_InputAndSlider()[pri:8, instance:testCases.TC_003_EMICalculatorTest@37c7595]" name="verify_FeesAndCharges_InputAndSlider" class="testCases.TC_003_EMICalculatorTest"/>
        <method signature="TC_003_EMICalculatorTest.loanTenureValidation()[pri:9, instance:testCases.TC_003_EMICalculatorTest@37c7595]" name="loanTenureValidation" class="testCases.TC_003_EMICalculatorTest"/>
        <method signature="TC_004_LoanAmountCalculatorTest.verify_calculator_type_opened()[pri:10, instance:testCases.TC_004_LoanAmountCalculatorTest@3ed242a4]" name="verify_calculator_type_opened" class="testCases.TC_004_LoanAmountCalculatorTest"/>
        <method signature="TC_004_LoanAmountCalculatorTest.verify_EMI_InputAndSlider()[pri:11, instance:testCases.TC_004_LoanAmountCalculatorTest@3ed242a4]" name="verify_EMI_InputAndSlider" class="testCases.TC_004_LoanAmountCalculatorTest"/>
        <method signature="TC_004_LoanAmountCalculatorTest.verify_InterestRate_InputAndSlider()[pri:12, instance:testCases.TC_004_LoanAmountCalculatorTest@3ed242a4]" name="verify_InterestRate_InputAndSlider" class="testCases.TC_004_LoanAmountCalculatorTest"/>
        <method signature="TC_004_LoanAmountCalculatorTest.verify_LoanTenure_InputAndSlider()[pri:13, instance:testCases.TC_004_LoanAmountCalculatorTest@3ed242a4]" name="verify_LoanTenure_InputAndSlider" class="testCases.TC_004_LoanAmountCalculatorTest"/>
        <method signature="TC_004_LoanAmountCalculatorTest.verify_FeesAndCharges_InputAndSlider()[pri:14, instance:testCases.TC_004_LoanAmountCalculatorTest@3ed242a4]" name="verify_FeesAndCharges_InputAndSlider" class="testCases.TC_004_LoanAmountCalculatorTest"/>
        <method signature="TC_004_LoanAmountCalculatorTest.loanTenureValidation()[pri:15, instance:testCases.TC_004_LoanAmountCalculatorTest@3ed242a4]" name="loanTenureValidation" class="testCases.TC_004_LoanAmountCalculatorTest"/>
        <method signature="TC_005_LoanTenureCalculatorTest.verify_calculator_type_opened()[pri:16, instance:testCases.TC_005_LoanTenureCalculatorTest@1199fe66]" name="verify_calculator_type_opened" class="testCases.TC_005_LoanTenureCalculatorTest"/>
        <method signature="TC_005_LoanTenureCalculatorTest.verify_LoanAmount_InputAndSlider()[pri:17, instance:testCases.TC_005_LoanTenureCalculatorTest@1199fe66]" name="verify_LoanAmount_InputAndSlider" class="testCases.TC_005_LoanTenureCalculatorTest"/>
        <method signature="TC_005_LoanTenureCalculatorTest.verify_InterestRate_InputAndSlider()[pri:18, instance:testCases.TC_005_LoanTenureCalculatorTest@1199fe66]" name="verify_InterestRate_InputAndSlider" class="testCases.TC_005_LoanTenureCalculatorTest"/>
        <method signature="TC_005_LoanTenureCalculatorTest.verify_EMI_InputAndSlider()[pri:19, instance:testCases.TC_005_LoanTenureCalculatorTest@1199fe66]" name="verify_EMI_InputAndSlider" class="testCases.TC_005_LoanTenureCalculatorTest"/>
        <method signature="TC_005_LoanTenureCalculatorTest.verify_FeesAndCharges_InputAndSlider()[pri:20, instance:testCases.TC_005_LoanTenureCalculatorTest@1199fe66]" name="verify_FeesAndCharges_InputAndSlider" class="testCases.TC_005_LoanTenureCalculatorTest"/>
      </group> <!-- regression -->
      <group name="smoke">
        <method signature="TC_001_CarLoanCalculatorTest.verify_inputs_car_loan_calculator()[pri:1, instance:testCases.TC_001_CarLoanCalculatorTest@74c79fa2]" name="verify_inputs_car_loan_calculator" class="testCases.TC_001_CarLoanCalculatorTest"/>
        <method signature="TC_002_HomeLoanCalculatorTest.verify_home_loan()[pri:3, instance:testCases.TC_002_HomeLoanCalculatorTest@63a270c9]" name="verify_home_loan" class="testCases.TC_002_HomeLoanCalculatorTest"/>
        <method signature="TC_003_EMICalculatorTest.verify_calculator_type_opened()[pri:4, instance:testCases.TC_003_EMICalculatorTest@37c7595]" name="verify_calculator_type_opened" class="testCases.TC_003_EMICalculatorTest"/>
        <method signature="TC_004_LoanAmountCalculatorTest.verify_calculator_type_opened()[pri:10, instance:testCases.TC_004_LoanAmountCalculatorTest@3ed242a4]" name="verify_calculator_type_opened" class="testCases.TC_004_LoanAmountCalculatorTest"/>
        <method signature="TC_005_LoanTenureCalculatorTest.verify_calculator_type_opened()[pri:16, instance:testCases.TC_005_LoanTenureCalculatorTest@1199fe66]" name="verify_calculator_type_opened" class="testCases.TC_005_LoanTenureCalculatorTest"/>
      </group> <!-- smoke -->
    </groups>
    <test started-at="2024-02-15T11:08:23 IST" name="Test" finished-at="2024-02-15T11:12:06 IST" duration-ms="223181">
      <class name="testCases.TC_005_LoanTenureCalculatorTest">
        <test-method is-config="true" signature="setup(java.lang.String,java.lang.String)[pri:0, instance:testCases.TC_005_LoanTenureCalculatorTest@1199fe66]" started-at="2024-02-15T11:11:10 IST" name="setup" finished-at="2024-02-15T11:11:18 IST" duration-ms="8120" status="PASS">
          <params>
            <param index="0">
              <value>
                <![CDATA[Windows]]>
              </value>
            </param>
            <param index="1">
              <value>
                <![CDATA[chrome]]>
              </value>
            </param>
          </params>
          <reporter-output>
          </reporter-output>
        </test-method> <!-- setup -->
        <test-method signature="verify_calculator_type_opened()[pri:16, instance:testCases.TC_005_LoanTenureCalculatorTest@1199fe66]" started-at="2024-02-15T11:11:18 IST" name="verify_calculator_type_opened" finished-at="2024-02-15T11:11:25 IST" duration-ms="6625" status="PASS">
          <reporter-output>
          </reporter-output>
        </test-method> <!-- verify_calculator_type_opened -->
        <test-method signature="verify_LoanAmount_InputAndSlider()[pri:17, instance:testCases.TC_005_LoanTenureCalculatorTest@1199fe66]" started-at="2024-02-15T11:11:25 IST" name="verify_LoanAmount_InputAndSlider" finished-at="2024-02-15T11:11:36 IST" depends-on-methods="testCases.TC_005_LoanTenureCalculatorTest.verify_calculator_type_opened" duration-ms="10854" status="PASS">
          <reporter-output>
          </reporter-output>
        </test-method> <!-- verify_LoanAmount_InputAndSlider -->
        <test-method signature="verify_InterestRate_InputAndSlider()[pri:18, instance:testCases.TC_005_LoanTenureCalculatorTest@1199fe66]" started-at="2024-02-15T11:11:36 IST" name="verify_InterestRate_InputAndSlider" finished-at="2024-02-15T11:11:47 IST" depends-on-methods="testCases.TC_005_LoanTenureCalculatorTest.verify_calculator_type_opened" duration-ms="10903" status="PASS">
          <reporter-output>
          </reporter-output>
        </test-method> <!-- verify_InterestRate_InputAndSlider -->
        <test-method signature="verify_EMI_InputAndSlider()[pri:19, instance:testCases.TC_005_LoanTenureCalculatorTest@1199fe66]" started-at="2024-02-15T11:11:47 IST" name="verify_EMI_InputAndSlider" finished-at="2024-02-15T11:11:58 IST" depends-on-methods="testCases.TC_005_LoanTenureCalculatorTest.verify_calculator_type_opened" duration-ms="10851" status="PASS">
          <reporter-output>
          </reporter-output>
        </test-method> <!-- verify_EMI_InputAndSlider -->
        <test-method signature="verify_FeesAndCharges_InputAndSlider()[pri:20, instance:testCases.TC_005_LoanTenureCalculatorTest@1199fe66]" started-at="2024-02-15T11:11:59 IST" name="verify_FeesAndCharges_InputAndSlider" finished-at="2024-02-15T11:12:04 IST" depends-on-methods="testCases.TC_005_LoanTenureCalculatorTest.verify_calculator_type_opened" duration-ms="5831" status="PASS">
          <reporter-output>
          </reporter-output>
        </test-method> <!-- verify_FeesAndCharges_InputAndSlider -->
        <test-method is-config="true" signature="tearDown()[pri:0, instance:testCases.TC_005_LoanTenureCalculatorTest@1199fe66]" started-at="2024-02-15T11:12:05 IST" name="tearDown" finished-at="2024-02-15T11:12:06 IST" duration-ms="1207" status="PASS">
          <reporter-output>
          </reporter-output>
        </test-method> <!-- tearDown -->
      </class> <!-- testCases.TC_005_LoanTenureCalculatorTest -->
      <class name="testCases.TC_004_LoanAmountCalculatorTest">
        <test-method is-config="true" signature="setup(java.lang.String,java.lang.String)[pri:0, instance:testCases.TC_004_LoanAmountCalculatorTest@3ed242a4]" started-at="2024-02-15T11:10:13 IST" name="setup" finished-at="2024-02-15T11:10:22 IST" duration-ms="8537" status="PASS">
          <params>
            <param index="0">
              <value>
                <![CDATA[Windows]]>
              </value>
            </param>
            <param index="1">
              <value>
                <![CDATA[chrome]]>
              </value>
            </param>
          </params>
          <reporter-output>
          </reporter-output>
        </test-method> <!-- setup -->
        <test-method signature="verify_calculator_type_opened()[pri:10, instance:testCases.TC_004_LoanAmountCalculatorTest@3ed242a4]" started-at="2024-02-15T11:10:22 IST" name="verify_calculator_type_opened" finished-at="2024-02-15T11:10:29 IST" duration-ms="7063" status="PASS">
          <reporter-output>
          </reporter-output>
        </test-method> <!-- verify_calculator_type_opened -->
        <test-method signature="verify_EMI_InputAndSlider()[pri:11, instance:testCases.TC_004_LoanAmountCalculatorTest@3ed242a4]" started-at="2024-02-15T11:10:29 IST" name="verify_EMI_InputAndSlider" finished-at="2024-02-15T11:10:40 IST" depends-on-methods="testCases.TC_004_LoanAmountCalculatorTest.verify_calculator_type_opened" duration-ms="10876" status="PASS">
          <reporter-output>
          </reporter-output>
        </test-method> <!-- verify_EMI_InputAndSlider -->
        <test-method signature="verify_InterestRate_InputAndSlider()[pri:12, instance:testCases.TC_004_LoanAmountCalculatorTest@3ed242a4]" started-at="2024-02-15T11:10:40 IST" name="verify_InterestRate_InputAndSlider" finished-at="2024-02-15T11:10:51 IST" depends-on-methods="testCases.TC_004_LoanAmountCalculatorTest.verify_calculator_type_opened" duration-ms="10807" status="PASS">
          <reporter-output>
          </reporter-output>
        </test-method> <!-- verify_InterestRate_InputAndSlider -->
        <test-method signature="verify_LoanTenure_InputAndSlider()[pri:13, instance:testCases.TC_004_LoanAmountCalculatorTest@3ed242a4]" started-at="2024-02-15T11:10:51 IST" name="verify_LoanTenure_InputAndSlider" finished-at="2024-02-15T11:11:02 IST" depends-on-methods="testCases.TC_004_LoanAmountCalculatorTest.verify_calculator_type_opened" duration-ms="10972" status="PASS">
          <reporter-output>
          </reporter-output>
        </test-method> <!-- verify_LoanTenure_InputAndSlider -->
        <test-method signature="verify_FeesAndCharges_InputAndSlider()[pri:14, instance:testCases.TC_004_LoanAmountCalculatorTest@3ed242a4]" started-at="2024-02-15T11:11:03 IST" name="verify_FeesAndCharges_InputAndSlider" finished-at="2024-02-15T11:11:08 IST" depends-on-methods="testCases.TC_004_LoanAmountCalculatorTest.verify_calculator_type_opened" duration-ms="5848" status="PASS">
          <reporter-output>
          </reporter-output>
        </test-method> <!-- verify_FeesAndCharges_InputAndSlider -->
        <test-method signature="loanTenureValidation()[pri:15, instance:testCases.TC_004_LoanAmountCalculatorTest@3ed242a4]" started-at="2024-02-15T11:11:09 IST" name="loanTenureValidation" finished-at="2024-02-15T11:11:09 IST" depends-on-methods="testCases.TC_004_LoanAmountCalculatorTest.verify_calculator_type_opened" duration-ms="194" status="PASS">
          <reporter-output>
          </reporter-output>
        </test-method> <!-- loanTenureValidation -->
        <test-method is-config="true" signature="tearDown()[pri:0, instance:testCases.TC_004_LoanAmountCalculatorTest@3ed242a4]" started-at="2024-02-15T11:11:09 IST" name="tearDown" finished-at="2024-02-15T11:11:10 IST" duration-ms="1216" status="PASS">
          <reporter-output>
          </reporter-output>
        </test-method> <!-- tearDown -->
      </class> <!-- testCases.TC_004_LoanAmountCalculatorTest -->
      <class name="testCases.TC_003_EMICalculatorTest">
        <test-method is-config="true" signature="setup(java.lang.String,java.lang.String)[pri:0, instance:testCases.TC_003_EMICalculatorTest@37c7595]" started-at="2024-02-15T11:09:17 IST" name="setup" finished-at="2024-02-15T11:09:25 IST" duration-ms="8159" status="PASS">
          <params>
            <param index="0">
              <value>
                <![CDATA[Windows]]>
              </value>
            </param>
            <param index="1">
              <value>
                <![CDATA[chrome]]>
              </value>
            </param>
          </params>
          <reporter-output>
          </reporter-output>
        </test-method> <!-- setup -->
        <test-method signature="verify_calculator_type_opened()[pri:4, instance:testCases.TC_003_EMICalculatorTest@37c7595]" started-at="2024-02-15T11:09:25 IST" name="verify_calculator_type_opened" finished-at="2024-02-15T11:09:31 IST" duration-ms="6383" status="PASS">
          <reporter-output>
          </reporter-output>
        </test-method> <!-- verify_calculator_type_opened -->
        <test-method signature="verify_LoanAmount_InputAndSlider()[pri:5, instance:testCases.TC_003_EMICalculatorTest@37c7595]" started-at="2024-02-15T11:09:31 IST" name="verify_LoanAmount_InputAndSlider" finished-at="2024-02-15T11:09:42 IST" depends-on-methods="testCases.TC_003_EMICalculatorTest.verify_calculator_type_opened" duration-ms="10938" status="PASS">
          <reporter-output>
          </reporter-output>
        </test-method> <!-- verify_LoanAmount_InputAndSlider -->
        <test-method signature="verify_InterestRate_InputAndSlider()[pri:6, instance:testCases.TC_003_EMICalculatorTest@37c7595]" started-at="2024-02-15T11:09:43 IST" name="verify_InterestRate_InputAndSlider" finished-at="2024-02-15T11:09:53 IST" depends-on-methods="testCases.TC_003_EMICalculatorTest.verify_calculator_type_opened" duration-ms="10804" status="PASS">
          <reporter-output>
          </reporter-output>
        </test-method> <!-- verify_InterestRate_InputAndSlider -->
        <test-method signature="verify_LoanTenure_InputAndSlider()[pri:7, instance:testCases.TC_003_EMICalculatorTest@37c7595]" started-at="2024-02-15T11:09:54 IST" name="verify_LoanTenure_InputAndSlider" finished-at="2024-02-15T11:10:05 IST" depends-on-methods="testCases.TC_003_EMICalculatorTest.verify_calculator_type_opened" duration-ms="11009" status="PASS">
          <reporter-output>
          </reporter-output>
        </test-method> <!-- verify_LoanTenure_InputAndSlider -->
        <test-method signature="verify_FeesAndCharges_InputAndSlider()[pri:8, instance:testCases.TC_003_EMICalculatorTest@37c7595]" started-at="2024-02-15T11:10:05 IST" name="verify_FeesAndCharges_InputAndSlider" finished-at="2024-02-15T11:10:11 IST" depends-on-methods="testCases.TC_003_EMICalculatorTest.verify_calculator_type_opened" duration-ms="5933" status="PASS">
          <reporter-output>
          </reporter-output>
        </test-method> <!-- verify_FeesAndCharges_InputAndSlider -->
        <test-method signature="loanTenureValidation()[pri:9, instance:testCases.TC_003_EMICalculatorTest@37c7595]" started-at="2024-02-15T11:10:11 IST" name="loanTenureValidation" finished-at="2024-02-15T11:10:11 IST" depends-on-methods="testCases.TC_003_EMICalculatorTest.verify_calculator_type_opened" duration-ms="304" status="PASS">
          <reporter-output>
          </reporter-output>
        </test-method> <!-- loanTenureValidation -->
        <test-method is-config="true" signature="tearDown()[pri:0, instance:testCases.TC_003_EMICalculatorTest@37c7595]" started-at="2024-02-15T11:10:12 IST" name="tearDown" finished-at="2024-02-15T11:10:13 IST" duration-ms="1653" status="PASS">
          <reporter-output>
          </reporter-output>
        </test-method> <!-- tearDown -->
      </class> <!-- testCases.TC_003_EMICalculatorTest -->
      <class name="testCases.TC_002_HomeLoanCalculatorTest">
        <test-method is-config="true" signature="setup(java.lang.String,java.lang.String)[pri:0, instance:testCases.TC_002_HomeLoanCalculatorTest@63a270c9]" started-at="2024-02-15T11:08:41 IST" name="setup" finished-at="2024-02-15T11:08:56 IST" duration-ms="15254" status="PASS">
          <params>
            <param index="0">
              <value>
                <![CDATA[Windows]]>
              </value>
            </param>
            <param index="1">
              <value>
                <![CDATA[chrome]]>
              </value>
            </param>
          </params>
          <reporter-output>
          </reporter-output>
        </test-method> <!-- setup -->
        <test-method signature="verify_home_loan()[pri:3, instance:testCases.TC_002_HomeLoanCalculatorTest@63a270c9]" started-at="2024-02-15T11:08:56 IST" name="verify_home_loan" finished-at="2024-02-15T11:09:15 IST" duration-ms="19283" status="PASS">
          <reporter-output>
          </reporter-output>
        </test-method> <!-- verify_home_loan -->
        <test-method is-config="true" signature="tearDown()[pri:0, instance:testCases.TC_002_HomeLoanCalculatorTest@63a270c9]" started-at="2024-02-15T11:09:15 IST" name="tearDown" finished-at="2024-02-15T11:09:17 IST" duration-ms="1312" status="PASS">
          <reporter-output>
          </reporter-output>
        </test-method> <!-- tearDown -->
      </class> <!-- testCases.TC_002_HomeLoanCalculatorTest -->
      <class name="testCases.TC_001_CarLoanCalculatorTest">
        <test-method is-config="true" signature="setup(java.lang.String,java.lang.String)[pri:0, instance:testCases.TC_001_CarLoanCalculatorTest@74c79fa2]" started-at="2024-02-15T11:08:23 IST" name="setup" finished-at="2024-02-15T11:08:37 IST" duration-ms="13363" status="PASS">
          <params>
            <param index="0">
              <value>
                <![CDATA[Windows]]>
              </value>
            </param>
            <param index="1">
              <value>
                <![CDATA[chrome]]>
              </value>
            </param>
          </params>
          <reporter-output>
          </reporter-output>
        </test-method> <!-- setup -->
        <test-method signature="verify_inputs_car_loan_calculator()[pri:1, instance:testCases.TC_001_CarLoanCalculatorTest@74c79fa2]" started-at="2024-02-15T11:08:37 IST" name="verify_inputs_car_loan_calculator" finished-at="2024-02-15T11:08:38 IST" duration-ms="1341" status="PASS">
          <reporter-output>
          </reporter-output>
        </test-method> <!-- verify_inputs_car_loan_calculator -->
        <test-method signature="verify_car_loan_calculator()[pri:2, instance:testCases.TC_001_CarLoanCalculatorTest@74c79fa2]" started-at="2024-02-15T11:08:38 IST" name="verify_car_loan_calculator" finished-at="2024-02-15T11:08:39 IST" depends-on-methods="testCases.TC_001_CarLoanCalculatorTest.verify_inputs_car_loan_calculator" duration-ms="367" status="PASS">
          <reporter-output>
          </reporter-output>
        </test-method> <!-- verify_car_loan_calculator -->
        <test-method is-config="true" signature="tearDown()[pri:0, instance:testCases.TC_001_CarLoanCalculatorTest@74c79fa2]" started-at="2024-02-15T11:08:39 IST" name="tearDown" finished-at="2024-02-15T11:08:41 IST" duration-ms="1483" status="PASS">
          <reporter-output>
          </reporter-output>
        </test-method> <!-- tearDown -->
      </class> <!-- testCases.TC_001_CarLoanCalculatorTest -->
    </test> <!-- Test -->
  </suite> <!-- Suite -->
</testng-results>
