<?xml version="1.0" encoding="UTF-8"?>
<testng-results ignored="0" total="20" passed="20" failed="0" skipped="0">
  <reporter-output>
  </reporter-output>
  <suite started-at="2024-02-15T21:47:27 IST" name="Suite" finished-at="2024-02-15T21:49:49 IST" duration-ms="141460">
    <groups>
      <group name="regression">
        <method signature="TC_001_CarLoanCalculatorTest.verify_inputs_car_loan_calculator()[pri:1, instance:testCases.TC_001_CarLoanCalculatorTest@43dac38f]" name="verify_inputs_car_loan_calculator" class="testCases.TC_001_CarLoanCalculatorTest"/>
        <method signature="TC_001_CarLoanCalculatorTest.verify_car_loan_calculator()[pri:2, instance:testCases.TC_001_CarLoanCalculatorTest@43dac38f]" name="verify_car_loan_calculator" class="testCases.TC_001_CarLoanCalculatorTest"/>
        <method signature="TC_002_HomeLoanCalculatorTest.verify_home_loan()[pri:3, instance:testCases.TC_002_HomeLoanCalculatorTest@7c711375]" name="verify_home_loan" class="testCases.TC_002_HomeLoanCalculatorTest"/>
        <method signature="TC_003_EMICalculatorTest.verify_calculator_type_opened()[pri:4, instance:testCases.TC_003_EMICalculatorTest@37d4349f]" name="verify_calculator_type_opened" class="testCases.TC_003_EMICalculatorTest"/>
        <method signature="TC_003_EMICalculatorTest.loanTenureValidation()[pri:9, instance:testCases.TC_003_EMICalculatorTest@37d4349f]" name="loanTenureValidation" class="testCases.TC_003_EMICalculatorTest"/>
        <method signature="TC_003_EMICalculatorTest.verify_FeesAndCharges_InputAndSlider()[pri:8, instance:testCases.TC_003_EMICalculatorTest@37d4349f]" name="verify_FeesAndCharges_InputAndSlider" class="testCases.TC_003_EMICalculatorTest"/>
        <method signature="TC_003_EMICalculatorTest.verify_InterestRate_InputAndSlider()[pri:6, instance:testCases.TC_003_EMICalculatorTest@37d4349f]" name="verify_InterestRate_InputAndSlider" class="testCases.TC_003_EMICalculatorTest"/>
        <method signature="TC_003_EMICalculatorTest.verify_LoanAmount_InputAndSlider()[pri:5, instance:testCases.TC_003_EMICalculatorTest@37d4349f]" name="verify_LoanAmount_InputAndSlider" class="testCases.TC_003_EMICalculatorTest"/>
        <method signature="TC_003_EMICalculatorTest.verify_LoanTenure_InputAndSlider()[pri:7, instance:testCases.TC_003_EMICalculatorTest@37d4349f]" name="verify_LoanTenure_InputAndSlider" class="testCases.TC_003_EMICalculatorTest"/>
        <method signature="TC_004_LoanAmountCalculatorTest.verify_calculator_type_opened()[pri:10, instance:testCases.TC_004_LoanAmountCalculatorTest@434a63ab]" name="verify_calculator_type_opened" class="testCases.TC_004_LoanAmountCalculatorTest"/>
        <method signature="TC_004_LoanAmountCalculatorTest.loanTenureValidation()[pri:15, instance:testCases.TC_004_LoanAmountCalculatorTest@434a63ab]" name="loanTenureValidation" class="testCases.TC_004_LoanAmountCalculatorTest"/>
        <method signature="TC_004_LoanAmountCalculatorTest.verify_EMI_InputAndSlider()[pri:11, instance:testCases.TC_004_LoanAmountCalculatorTest@434a63ab]" name="verify_EMI_InputAndSlider" class="testCases.TC_004_LoanAmountCalculatorTest"/>
        <method signature="TC_004_LoanAmountCalculatorTest.verify_FeesAndCharges_InputAndSlider()[pri:14, instance:testCases.TC_004_LoanAmountCalculatorTest@434a63ab]" name="verify_FeesAndCharges_InputAndSlider" class="testCases.TC_004_LoanAmountCalculatorTest"/>
        <method signature="TC_004_LoanAmountCalculatorTest.verify_InterestRate_InputAndSlider()[pri:12, instance:testCases.TC_004_LoanAmountCalculatorTest@434a63ab]" name="verify_InterestRate_InputAndSlider" class="testCases.TC_004_LoanAmountCalculatorTest"/>
        <method signature="TC_004_LoanAmountCalculatorTest.verify_LoanTenure_InputAndSlider()[pri:13, instance:testCases.TC_004_LoanAmountCalculatorTest@434a63ab]" name="verify_LoanTenure_InputAndSlider" class="testCases.TC_004_LoanAmountCalculatorTest"/>
        <method signature="TC_005_LoanTenureCalculatorTest.verify_calculator_type_opened()[pri:16, instance:testCases.TC_005_LoanTenureCalculatorTest@6e0f5f7f]" name="verify_calculator_type_opened" class="testCases.TC_005_LoanTenureCalculatorTest"/>
        <method signature="TC_005_LoanTenureCalculatorTest.verify_EMI_InputAndSlider()[pri:19, instance:testCases.TC_005_LoanTenureCalculatorTest@6e0f5f7f]" name="verify_EMI_InputAndSlider" class="testCases.TC_005_LoanTenureCalculatorTest"/>
        <method signature="TC_005_LoanTenureCalculatorTest.verify_FeesAndCharges_InputAndSlider()[pri:20, instance:testCases.TC_005_LoanTenureCalculatorTest@6e0f5f7f]" name="verify_FeesAndCharges_InputAndSlider" class="testCases.TC_005_LoanTenureCalculatorTest"/>
        <method signature="TC_005_LoanTenureCalculatorTest.verify_InterestRate_InputAndSlider()[pri:18, instance:testCases.TC_005_LoanTenureCalculatorTest@6e0f5f7f]" name="verify_InterestRate_InputAndSlider" class="testCases.TC_005_LoanTenureCalculatorTest"/>
        <method signature="TC_005_LoanTenureCalculatorTest.verify_LoanAmount_InputAndSlider()[pri:17, instance:testCases.TC_005_LoanTenureCalculatorTest@6e0f5f7f]" name="verify_LoanAmount_InputAndSlider" class="testCases.TC_005_LoanTenureCalculatorTest"/>
      </group> <!-- regression -->
      <group name="smoke">
        <method signature="TC_001_CarLoanCalculatorTest.verify_inputs_car_loan_calculator()[pri:1, instance:testCases.TC_001_CarLoanCalculatorTest@43dac38f]" name="verify_inputs_car_loan_calculator" class="testCases.TC_001_CarLoanCalculatorTest"/>
        <method signature="TC_002_HomeLoanCalculatorTest.verify_home_loan()[pri:3, instance:testCases.TC_002_HomeLoanCalculatorTest@7c711375]" name="verify_home_loan" class="testCases.TC_002_HomeLoanCalculatorTest"/>
        <method signature="TC_003_EMICalculatorTest.verify_calculator_type_opened()[pri:4, instance:testCases.TC_003_EMICalculatorTest@37d4349f]" name="verify_calculator_type_opened" class="testCases.TC_003_EMICalculatorTest"/>
        <method signature="TC_004_LoanAmountCalculatorTest.verify_calculator_type_opened()[pri:10, instance:testCases.TC_004_LoanAmountCalculatorTest@434a63ab]" name="verify_calculator_type_opened" class="testCases.TC_004_LoanAmountCalculatorTest"/>
        <method signature="TC_005_LoanTenureCalculatorTest.verify_calculator_type_opened()[pri:16, instance:testCases.TC_005_LoanTenureCalculatorTest@6e0f5f7f]" name="verify_calculator_type_opened" class="testCases.TC_005_LoanTenureCalculatorTest"/>
      </group> <!-- smoke -->
    </groups>
    <test started-at="2024-02-15T21:47:27 IST" name="Test" finished-at="2024-02-15T21:49:49 IST" duration-ms="141460">
      <class name="testCases.TC_005_LoanTenureCalculatorTest">
        <test-method is-config="true" signature="setup(java.lang.String,java.lang.String)[pri:0, instance:testCases.TC_005_LoanTenureCalculatorTest@6e0f5f7f]" started-at="2024-02-15T21:49:23 IST" name="setup" finished-at="2024-02-15T21:49:34 IST" duration-ms="11045" status="PASS">
          <params>
            <param index="0">
              <value>
                <![CDATA[Windows]]>
              </value>
            </param>
            <param index="1">
              <value>
                <![CDATA[chrome]]>
              </value>
            </param>
          </params>
          <reporter-output>
          </reporter-output>
        </test-method> <!-- setup -->
        <test-method signature="verify_calculator_type_opened()[pri:16, instance:testCases.TC_005_LoanTenureCalculatorTest@6e0f5f7f]" started-at="2024-02-15T21:49:34 IST" name="verify_calculator_type_opened" finished-at="2024-02-15T21:49:42 IST" duration-ms="7444" status="PASS">
          <reporter-output>
          </reporter-output>
        </test-method> <!-- verify_calculator_type_opened -->
        <test-method signature="verify_LoanAmount_InputAndSlider()[pri:17, instance:testCases.TC_005_LoanTenureCalculatorTest@6e0f5f7f]" started-at="2024-02-15T21:49:42 IST" name="verify_LoanAmount_InputAndSlider" finished-at="2024-02-15T21:49:43 IST" depends-on-methods="testCases.TC_005_LoanTenureCalculatorTest.verify_calculator_type_opened" duration-ms="1011" status="PASS">
          <reporter-output>
          </reporter-output>
        </test-method> <!-- verify_LoanAmount_InputAndSlider -->
        <test-method signature="verify_InterestRate_InputAndSlider()[pri:18, instance:testCases.TC_005_LoanTenureCalculatorTest@6e0f5f7f]" started-at="2024-02-15T21:49:43 IST" name="verify_InterestRate_InputAndSlider" finished-at="2024-02-15T21:49:45 IST" depends-on-methods="testCases.TC_005_LoanTenureCalculatorTest.verify_calculator_type_opened" duration-ms="1579" status="PASS">
          <reporter-output>
          </reporter-output>
        </test-method> <!-- verify_InterestRate_InputAndSlider -->
        <test-method signature="verify_EMI_InputAndSlider()[pri:19, instance:testCases.TC_005_LoanTenureCalculatorTest@6e0f5f7f]" started-at="2024-02-15T21:49:45 IST" name="verify_EMI_InputAndSlider" finished-at="2024-02-15T21:49:46 IST" depends-on-methods="testCases.TC_005_LoanTenureCalculatorTest.verify_calculator_type_opened" duration-ms="886" status="PASS">
          <reporter-output>
          </reporter-output>
        </test-method> <!-- verify_EMI_InputAndSlider -->
        <test-method signature="verify_FeesAndCharges_InputAndSlider()[pri:20, instance:testCases.TC_005_LoanTenureCalculatorTest@6e0f5f7f]" started-at="2024-02-15T21:49:46 IST" name="verify_FeesAndCharges_InputAndSlider" finished-at="2024-02-15T21:49:47 IST" depends-on-methods="testCases.TC_005_LoanTenureCalculatorTest.verify_calculator_type_opened" duration-ms="889" status="PASS">
          <reporter-output>
          </reporter-output>
        </test-method> <!-- verify_FeesAndCharges_InputAndSlider -->
        <test-method is-config="true" signature="tearDown()[pri:0, instance:testCases.TC_005_LoanTenureCalculatorTest@6e0f5f7f]" started-at="2024-02-15T21:49:48 IST" name="tearDown" finished-at="2024-02-15T21:49:49 IST" duration-ms="1334" status="PASS">
          <reporter-output>
          </reporter-output>
        </test-method> <!-- tearDown -->
      </class> <!-- testCases.TC_005_LoanTenureCalculatorTest -->
      <class name="testCases.TC_004_LoanAmountCalculatorTest">
        <test-method is-config="true" signature="setup(java.lang.String,java.lang.String)[pri:0, instance:testCases.TC_004_LoanAmountCalculatorTest@434a63ab]" started-at="2024-02-15T21:48:55 IST" name="setup" finished-at="2024-02-15T21:49:05 IST" duration-ms="10410" status="PASS">
          <params>
            <param index="0">
              <value>
                <![CDATA[Windows]]>
              </value>
            </param>
            <param index="1">
              <value>
                <![CDATA[chrome]]>
              </value>
            </param>
          </params>
          <reporter-output>
          </reporter-output>
        </test-method> <!-- setup -->
        <test-method signature="verify_calculator_type_opened()[pri:10, instance:testCases.TC_004_LoanAmountCalculatorTest@434a63ab]" started-at="2024-02-15T21:49:05 IST" name="verify_calculator_type_opened" finished-at="2024-02-15T21:49:15 IST" duration-ms="10524" status="PASS">
          <reporter-output>
          </reporter-output>
        </test-method> <!-- verify_calculator_type_opened -->
        <test-method signature="verify_EMI_InputAndSlider()[pri:11, instance:testCases.TC_004_LoanAmountCalculatorTest@434a63ab]" started-at="2024-02-15T21:49:16 IST" name="verify_EMI_InputAndSlider" finished-at="2024-02-15T21:49:17 IST" depends-on-methods="testCases.TC_004_LoanAmountCalculatorTest.verify_calculator_type_opened" duration-ms="942" status="PASS">
          <reporter-output>
          </reporter-output>
        </test-method> <!-- verify_EMI_InputAndSlider -->
        <test-method signature="verify_InterestRate_InputAndSlider()[pri:12, instance:testCases.TC_004_LoanAmountCalculatorTest@434a63ab]" started-at="2024-02-15T21:49:17 IST" name="verify_InterestRate_InputAndSlider" finished-at="2024-02-15T21:49:18 IST" depends-on-methods="testCases.TC_004_LoanAmountCalculatorTest.verify_calculator_type_opened" duration-ms="913" status="PASS">
          <reporter-output>
          </reporter-output>
        </test-method> <!-- verify_InterestRate_InputAndSlider -->
        <test-method signature="verify_LoanTenure_InputAndSlider()[pri:13, instance:testCases.TC_004_LoanAmountCalculatorTest@434a63ab]" started-at="2024-02-15T21:49:18 IST" name="verify_LoanTenure_InputAndSlider" finished-at="2024-02-15T21:49:19 IST" depends-on-methods="testCases.TC_004_LoanAmountCalculatorTest.verify_calculator_type_opened" duration-ms="1170" status="PASS">
          <reporter-output>
          </reporter-output>
        </test-method> <!-- verify_LoanTenure_InputAndSlider -->
        <test-method signature="verify_FeesAndCharges_InputAndSlider()[pri:14, instance:testCases.TC_004_LoanAmountCalculatorTest@434a63ab]" started-at="2024-02-15T21:49:20 IST" name="verify_FeesAndCharges_InputAndSlider" finished-at="2024-02-15T21:49:21 IST" depends-on-methods="testCases.TC_004_LoanAmountCalculatorTest.verify_calculator_type_opened" duration-ms="911" status="PASS">
          <reporter-output>
          </reporter-output>
        </test-method> <!-- verify_FeesAndCharges_InputAndSlider -->
        <test-method signature="loanTenureValidation()[pri:15, instance:testCases.TC_004_LoanAmountCalculatorTest@434a63ab]" started-at="2024-02-15T21:49:21 IST" name="loanTenureValidation" finished-at="2024-02-15T21:49:21 IST" depends-on-methods="testCases.TC_004_LoanAmountCalculatorTest.verify_calculator_type_opened" duration-ms="241" status="PASS">
          <reporter-output>
          </reporter-output>
        </test-method> <!-- loanTenureValidation -->
        <test-method is-config="true" signature="tearDown()[pri:0, instance:testCases.TC_004_LoanAmountCalculatorTest@434a63ab]" started-at="2024-02-15T21:49:22 IST" name="tearDown" finished-at="2024-02-15T21:49:23 IST" duration-ms="1562" status="PASS">
          <reporter-output>
          </reporter-output>
        </test-method> <!-- tearDown -->
      </class> <!-- testCases.TC_004_LoanAmountCalculatorTest -->
      <class name="testCases.TC_003_EMICalculatorTest">
        <test-method is-config="true" signature="setup(java.lang.String,java.lang.String)[pri:0, instance:testCases.TC_003_EMICalculatorTest@37d4349f]" started-at="2024-02-15T21:48:28 IST" name="setup" finished-at="2024-02-15T21:48:39 IST" duration-ms="11055" status="PASS">
          <params>
            <param index="0">
              <value>
                <![CDATA[Windows]]>
              </value>
            </param>
            <param index="1">
              <value>
                <![CDATA[chrome]]>
              </value>
            </param>
          </params>
          <reporter-output>
          </reporter-output>
        </test-method> <!-- setup -->
        <test-method signature="verify_calculator_type_opened()[pri:4, instance:testCases.TC_003_EMICalculatorTest@37d4349f]" started-at="2024-02-15T21:48:39 IST" name="verify_calculator_type_opened" finished-at="2024-02-15T21:48:47 IST" duration-ms="7672" status="PASS">
          <reporter-output>
          </reporter-output>
        </test-method> <!-- verify_calculator_type_opened -->
        <test-method signature="verify_LoanAmount_InputAndSlider()[pri:5, instance:testCases.TC_003_EMICalculatorTest@37d4349f]" started-at="2024-02-15T21:48:47 IST" name="verify_LoanAmount_InputAndSlider" finished-at="2024-02-15T21:48:49 IST" depends-on-methods="testCases.TC_003_EMICalculatorTest.verify_calculator_type_opened" duration-ms="1147" status="PASS">
          <reporter-output>
          </reporter-output>
        </test-method> <!-- verify_LoanAmount_InputAndSlider -->
        <test-method signature="verify_InterestRate_InputAndSlider()[pri:6, instance:testCases.TC_003_EMICalculatorTest@37d4349f]" started-at="2024-02-15T21:48:49 IST" name="verify_InterestRate_InputAndSlider" finished-at="2024-02-15T21:48:50 IST" depends-on-methods="testCases.TC_003_EMICalculatorTest.verify_calculator_type_opened" duration-ms="855" status="PASS">
          <reporter-output>
          </reporter-output>
        </test-method> <!-- verify_InterestRate_InputAndSlider -->
        <test-method signature="verify_LoanTenure_InputAndSlider()[pri:7, instance:testCases.TC_003_EMICalculatorTest@37d4349f]" started-at="2024-02-15T21:48:50 IST" name="verify_LoanTenure_InputAndSlider" finished-at="2024-02-15T21:48:51 IST" depends-on-methods="testCases.TC_003_EMICalculatorTest.verify_calculator_type_opened" duration-ms="1212" status="PASS">
          <reporter-output>
          </reporter-output>
        </test-method> <!-- verify_LoanTenure_InputAndSlider -->
        <test-method signature="verify_FeesAndCharges_InputAndSlider()[pri:8, instance:testCases.TC_003_EMICalculatorTest@37d4349f]" started-at="2024-02-15T21:48:52 IST" name="verify_FeesAndCharges_InputAndSlider" finished-at="2024-02-15T21:48:52 IST" depends-on-methods="testCases.TC_003_EMICalculatorTest.verify_calculator_type_opened" duration-ms="960" status="PASS">
          <reporter-output>
          </reporter-output>
        </test-method> <!-- verify_FeesAndCharges_InputAndSlider -->
        <test-method signature="loanTenureValidation()[pri:9, instance:testCases.TC_003_EMICalculatorTest@37d4349f]" started-at="2024-02-15T21:48:53 IST" name="loanTenureValidation" finished-at="2024-02-15T21:48:53 IST" depends-on-methods="testCases.TC_003_EMICalculatorTest.verify_calculator_type_opened" duration-ms="252" status="PASS">
          <reporter-output>
          </reporter-output>
        </test-method> <!-- loanTenureValidation -->
        <test-method is-config="true" signature="tearDown()[pri:0, instance:testCases.TC_003_EMICalculatorTest@37d4349f]" started-at="2024-02-15T21:48:53 IST" name="tearDown" finished-at="2024-02-15T21:48:55 IST" duration-ms="1179" status="PASS">
          <reporter-output>
          </reporter-output>
        </test-method> <!-- tearDown -->
      </class> <!-- testCases.TC_003_EMICalculatorTest -->
      <class name="testCases.TC_002_HomeLoanCalculatorTest">
        <test-method is-config="true" signature="setup(java.lang.String,java.lang.String)[pri:0, instance:testCases.TC_002_HomeLoanCalculatorTest@7c711375]" started-at="2024-02-15T21:47:53 IST" name="setup" finished-at="2024-02-15T21:48:04 IST" duration-ms="11258" status="PASS">
          <params>
            <param index="0">
              <value>
                <![CDATA[Windows]]>
              </value>
            </param>
            <param index="1">
              <value>
                <![CDATA[chrome]]>
              </value>
            </param>
          </params>
          <reporter-output>
          </reporter-output>
        </test-method> <!-- setup -->
        <test-method signature="verify_home_loan()[pri:3, instance:testCases.TC_002_HomeLoanCalculatorTest@7c711375]" started-at="2024-02-15T21:48:04 IST" name="verify_home_loan" finished-at="2024-02-15T21:48:27 IST" duration-ms="23001" status="PASS">
          <reporter-output>
          </reporter-output>
        </test-method> <!-- verify_home_loan -->
        <test-method is-config="true" signature="tearDown()[pri:0, instance:testCases.TC_002_HomeLoanCalculatorTest@7c711375]" started-at="2024-02-15T21:48:27 IST" name="tearDown" finished-at="2024-02-15T21:48:28 IST" duration-ms="1345" status="PASS">
          <reporter-output>
          </reporter-output>
        </test-method> <!-- tearDown -->
      </class> <!-- testCases.TC_002_HomeLoanCalculatorTest -->
      <class name="testCases.TC_001_CarLoanCalculatorTest">
        <test-method is-config="true" signature="setup(java.lang.String,java.lang.String)[pri:0, instance:testCases.TC_001_CarLoanCalculatorTest@43dac38f]" started-at="2024-02-15T21:47:28 IST" name="setup" finished-at="2024-02-15T21:47:45 IST" duration-ms="16169" status="PASS">
          <params>
            <param index="0">
              <value>
                <![CDATA[Windows]]>
              </value>
            </param>
            <param index="1">
              <value>
                <![CDATA[chrome]]>
              </value>
            </param>
          </params>
          <reporter-output>
          </reporter-output>
        </test-method> <!-- setup -->
        <test-method signature="verify_inputs_car_loan_calculator()[pri:1, instance:testCases.TC_001_CarLoanCalculatorTest@43dac38f]" started-at="2024-02-15T21:47:45 IST" name="verify_inputs_car_loan_calculator" finished-at="2024-02-15T21:47:49 IST" duration-ms="4604" status="PASS">
          <reporter-output>
          </reporter-output>
        </test-method> <!-- verify_inputs_car_loan_calculator -->
        <test-method signature="verify_car_loan_calculator()[pri:2, instance:testCases.TC_001_CarLoanCalculatorTest@43dac38f]" started-at="2024-02-15T21:47:50 IST" name="verify_car_loan_calculator" finished-at="2024-02-15T21:47:50 IST" depends-on-methods="testCases.TC_001_CarLoanCalculatorTest.verify_inputs_car_loan_calculator" duration-ms="803" status="PASS">
          <reporter-output>
          </reporter-output>
        </test-method> <!-- verify_car_loan_calculator -->
        <test-method is-config="true" signature="tearDown()[pri:0, instance:testCases.TC_001_CarLoanCalculatorTest@43dac38f]" started-at="2024-02-15T21:47:51 IST" name="tearDown" finished-at="2024-02-15T21:47:53 IST" duration-ms="1749" status="PASS">
          <reporter-output>
          </reporter-output>
        </test-method> <!-- tearDown -->
      </class> <!-- testCases.TC_001_CarLoanCalculatorTest -->
    </test> <!-- Test -->
  </suite> <!-- Suite -->
</testng-results>
