<?xml version="1.0" encoding="UTF-8"?>
<testng-results ignored="0" total="19" passed="19" failed="0" skipped="0">
  <reporter-output>
  </reporter-output>
  <suite started-at="2024-02-12T09:53:17 IST" name="Suite" finished-at="2024-02-12T09:57:44 IST" duration-ms="267169">
    <groups>
    </groups>
    <test started-at="2024-02-12T09:53:17 IST" name="Test" finished-at="2024-02-12T09:57:44 IST" duration-ms="267169">
      <class name="testCases.TC_005_LoanTenureCalculatorTest">
        <test-method is-config="true" signature="setup(java.lang.String,java.lang.String)[pri:0, instance:testCases.TC_005_LoanTenureCalculatorTest@7c711375]" started-at="2024-02-12T09:56:48 IST" name="setup" finished-at="2024-02-12T09:56:57 IST" duration-ms="9306" status="PASS">
          <params>
            <param index="0">
              <value>
                <![CDATA[Windows]]>
              </value>
            </param>
            <param index="1">
              <value>
                <![CDATA[chrome]]>
              </value>
            </param>
          </params>
          <reporter-output>
          </reporter-output>
        </test-method> <!-- setup -->
        <test-method signature="verify_calculator()[pri:0, instance:testCases.TC_005_LoanTenureCalculatorTest@7c711375]" started-at="2024-02-12T09:56:57 IST" name="verify_calculator" finished-at="2024-02-12T09:57:04 IST" duration-ms="6392" status="PASS">
          <reporter-output>
          </reporter-output>
        </test-method> <!-- verify_calculator -->
        <test-method signature="verify_LoanAmount_InputAndSlider()[pri:1, instance:testCases.TC_005_LoanTenureCalculatorTest@7c711375]" started-at="2024-02-12T09:57:04 IST" name="verify_LoanAmount_InputAndSlider" finished-at="2024-02-12T09:57:15 IST" duration-ms="10889" status="PASS">
          <reporter-output>
          </reporter-output>
        </test-method> <!-- verify_LoanAmount_InputAndSlider -->
        <test-method signature="verify_InterestRate_InputAndSlider()[pri:2, instance:testCases.TC_005_LoanTenureCalculatorTest@7c711375]" started-at="2024-02-12T09:57:15 IST" name="verify_InterestRate_InputAndSlider" finished-at="2024-02-12T09:57:26 IST" duration-ms="10922" status="PASS">
          <reporter-output>
          </reporter-output>
        </test-method> <!-- verify_InterestRate_InputAndSlider -->
        <test-method signature="verify_EMI_InputAndSlider()[pri:3, instance:testCases.TC_005_LoanTenureCalculatorTest@7c711375]" started-at="2024-02-12T09:57:26 IST" name="verify_EMI_InputAndSlider" finished-at="2024-02-12T09:57:37 IST" duration-ms="10905" status="PASS">
          <reporter-output>
          </reporter-output>
        </test-method> <!-- verify_EMI_InputAndSlider -->
        <test-method signature="verify_FeesAndCharges_InputAndSlider()[pri:4, instance:testCases.TC_005_LoanTenureCalculatorTest@7c711375]" started-at="2024-02-12T09:57:37 IST" name="verify_FeesAndCharges_InputAndSlider" finished-at="2024-02-12T09:57:43 IST" duration-ms="5825" status="PASS">
          <reporter-output>
          </reporter-output>
        </test-method> <!-- verify_FeesAndCharges_InputAndSlider -->
        <test-method is-config="true" signature="tearDown()[pri:0, instance:testCases.TC_005_LoanTenureCalculatorTest@7c711375]" started-at="2024-02-12T09:57:43 IST" name="tearDown" finished-at="2024-02-12T09:57:44 IST" duration-ms="1234" status="PASS">
          <reporter-output>
          </reporter-output>
        </test-method> <!-- tearDown -->
      </class> <!-- testCases.TC_005_LoanTenureCalculatorTest -->
      <class name="testCases.TC_004_LoanAmountCalculatorTest">
        <test-method is-config="true" signature="setup(java.lang.String,java.lang.String)[pri:0, instance:testCases.TC_004_LoanAmountCalculatorTest@5a56cdac]" started-at="2024-02-12T09:55:37 IST" name="setup" finished-at="2024-02-12T09:55:46 IST" duration-ms="8901" status="PASS">
          <params>
            <param index="0">
              <value>
                <![CDATA[Windows]]>
              </value>
            </param>
            <param index="1">
              <value>
                <![CDATA[chrome]]>
              </value>
            </param>
          </params>
          <reporter-output>
          </reporter-output>
        </test-method> <!-- setup -->
        <test-method signature="verify_calculator()[pri:0, instance:testCases.TC_004_LoanAmountCalculatorTest@5a56cdac]" started-at="2024-02-12T09:55:46 IST" name="verify_calculator" finished-at="2024-02-12T09:56:05 IST" duration-ms="19171" status="PASS">
          <reporter-output>
          </reporter-output>
        </test-method> <!-- verify_calculator -->
        <test-method signature="verify_EMI_InputAndSlider()[pri:1, instance:testCases.TC_004_LoanAmountCalculatorTest@5a56cdac]" started-at="2024-02-12T09:56:05 IST" name="verify_EMI_InputAndSlider" finished-at="2024-02-12T09:56:16 IST" duration-ms="10860" status="PASS">
          <reporter-output>
          </reporter-output>
        </test-method> <!-- verify_EMI_InputAndSlider -->
        <test-method signature="verify_InterestRate_InputAndSlider()[pri:2, instance:testCases.TC_004_LoanAmountCalculatorTest@5a56cdac]" started-at="2024-02-12T09:56:16 IST" name="verify_InterestRate_InputAndSlider" finished-at="2024-02-12T09:56:27 IST" duration-ms="10987" status="PASS">
          <reporter-output>
          </reporter-output>
        </test-method> <!-- verify_InterestRate_InputAndSlider -->
        <test-method signature="verify_LoanTenure_InputAndSlider()[pri:3, instance:testCases.TC_004_LoanAmountCalculatorTest@5a56cdac]" started-at="2024-02-12T09:56:27 IST" name="verify_LoanTenure_InputAndSlider" finished-at="2024-02-12T09:56:38 IST" duration-ms="10975" status="PASS">
          <reporter-output>
          </reporter-output>
        </test-method> <!-- verify_LoanTenure_InputAndSlider -->
        <test-method signature="verify_FeesAndCharges_InputAndSlider()[pri:4, instance:testCases.TC_004_LoanAmountCalculatorTest@5a56cdac]" started-at="2024-02-12T09:56:39 IST" name="verify_FeesAndCharges_InputAndSlider" finished-at="2024-02-12T09:56:45 IST" duration-ms="5877" status="PASS">
          <reporter-output>
          </reporter-output>
        </test-method> <!-- verify_FeesAndCharges_InputAndSlider -->
        <test-method signature="loanTenureValidation()[pri:5, instance:testCases.TC_004_LoanAmountCalculatorTest@5a56cdac]" started-at="2024-02-12T09:56:45 IST" name="loanTenureValidation" finished-at="2024-02-12T09:56:45 IST" duration-ms="423" status="PASS">
          <reporter-output>
          </reporter-output>
        </test-method> <!-- loanTenureValidation -->
        <test-method is-config="true" signature="tearDown()[pri:0, instance:testCases.TC_004_LoanAmountCalculatorTest@5a56cdac]" started-at="2024-02-12T09:56:46 IST" name="tearDown" finished-at="2024-02-12T09:56:48 IST" duration-ms="2199" status="PASS">
          <reporter-output>
          </reporter-output>
        </test-method> <!-- tearDown -->
      </class> <!-- testCases.TC_004_LoanAmountCalculatorTest -->
      <class name="testCases.TC_003_EMICalculatorTest">
        <test-method is-config="true" signature="setup(java.lang.String,java.lang.String)[pri:0, instance:testCases.TC_003_EMICalculatorTest@593aaf41]" started-at="2024-02-12T09:54:37 IST" name="setup" finished-at="2024-02-12T09:54:47 IST" duration-ms="9860" status="PASS">
          <params>
            <param index="0">
              <value>
                <![CDATA[Windows]]>
              </value>
            </param>
            <param index="1">
              <value>
                <![CDATA[chrome]]>
              </value>
            </param>
          </params>
          <reporter-output>
          </reporter-output>
        </test-method> <!-- setup -->
        <test-method signature="verify_calculator()[pri:0, instance:testCases.TC_003_EMICalculatorTest@593aaf41]" started-at="2024-02-12T09:54:47 IST" name="verify_calculator" finished-at="2024-02-12T09:54:53 IST" duration-ms="6594" status="PASS">
          <reporter-output>
          </reporter-output>
        </test-method> <!-- verify_calculator -->
        <test-method signature="verify_LoanAmount_InputAndSlider()[pri:1, instance:testCases.TC_003_EMICalculatorTest@593aaf41]" started-at="2024-02-12T09:54:54 IST" name="verify_LoanAmount_InputAndSlider" finished-at="2024-02-12T09:55:05 IST" duration-ms="10998" status="PASS">
          <reporter-output>
          </reporter-output>
        </test-method> <!-- verify_LoanAmount_InputAndSlider -->
        <test-method signature="verify_InterestRate_InputAndSlider()[pri:2, instance:testCases.TC_003_EMICalculatorTest@593aaf41]" started-at="2024-02-12T09:55:05 IST" name="verify_InterestRate_InputAndSlider" finished-at="2024-02-12T09:55:17 IST" duration-ms="11724" status="PASS">
          <reporter-output>
          </reporter-output>
        </test-method> <!-- verify_InterestRate_InputAndSlider -->
        <test-method signature="verify_LoanTenure_InputAndSlider()[pri:3, instance:testCases.TC_003_EMICalculatorTest@593aaf41]" started-at="2024-02-12T09:55:17 IST" name="verify_LoanTenure_InputAndSlider" finished-at="2024-02-12T09:55:28 IST" duration-ms="11582" status="PASS">
          <reporter-output>
          </reporter-output>
        </test-method> <!-- verify_LoanTenure_InputAndSlider -->
        <test-method signature="verify_FeesAndCharges_InputAndSlider()[pri:4, instance:testCases.TC_003_EMICalculatorTest@593aaf41]" started-at="2024-02-12T09:55:29 IST" name="verify_FeesAndCharges_InputAndSlider" finished-at="2024-02-12T09:55:35 IST" duration-ms="5959" status="PASS">
          <reporter-output>
          </reporter-output>
        </test-method> <!-- verify_FeesAndCharges_InputAndSlider -->
        <test-method signature="loanTenureValidation()[pri:5, instance:testCases.TC_003_EMICalculatorTest@593aaf41]" started-at="2024-02-12T09:55:35 IST" name="loanTenureValidation" finished-at="2024-02-12T09:55:35 IST" duration-ms="350" status="PASS">
          <reporter-output>
          </reporter-output>
        </test-method> <!-- loanTenureValidation -->
        <test-method is-config="true" signature="tearDown()[pri:0, instance:testCases.TC_003_EMICalculatorTest@593aaf41]" started-at="2024-02-12T09:55:36 IST" name="tearDown" finished-at="2024-02-12T09:55:37 IST" duration-ms="1140" status="PASS">
          <reporter-output>
          </reporter-output>
        </test-method> <!-- tearDown -->
      </class> <!-- testCases.TC_003_EMICalculatorTest -->
      <class name="testCases.TC_002_HomeLoanCalculatorTest">
        <test-method is-config="true" signature="setup(java.lang.String,java.lang.String)[pri:0, instance:testCases.TC_002_HomeLoanCalculatorTest@485966cc]" started-at="2024-02-12T09:54:01 IST" name="setup" finished-at="2024-02-12T09:54:11 IST" duration-ms="10415" status="PASS">
          <params>
            <param index="0">
              <value>
                <![CDATA[Windows]]>
              </value>
            </param>
            <param index="1">
              <value>
                <![CDATA[chrome]]>
              </value>
            </param>
          </params>
          <reporter-output>
          </reporter-output>
        </test-method> <!-- setup -->
        <test-method signature="verify_home_loan()[pri:0, instance:testCases.TC_002_HomeLoanCalculatorTest@485966cc]" started-at="2024-02-12T09:54:11 IST" name="verify_home_loan" finished-at="2024-02-12T09:54:35 IST" duration-ms="23757" status="PASS">
          <reporter-output>
          </reporter-output>
        </test-method> <!-- verify_home_loan -->
        <test-method is-config="true" signature="tearDown()[pri:0, instance:testCases.TC_002_HomeLoanCalculatorTest@485966cc]" started-at="2024-02-12T09:54:36 IST" name="tearDown" finished-at="2024-02-12T09:54:37 IST" duration-ms="1257" status="PASS">
          <reporter-output>
          </reporter-output>
        </test-method> <!-- tearDown -->
      </class> <!-- testCases.TC_002_HomeLoanCalculatorTest -->
      <class name="testCases.TC_001_CarLoanCalculatorTest">
        <test-method is-config="true" signature="setup(java.lang.String,java.lang.String)[pri:0, instance:testCases.TC_001_CarLoanCalculatorTest@e15b7e8]" started-at="2024-02-12T09:53:19 IST" name="setup" finished-at="2024-02-12T09:53:35 IST" duration-ms="16620" status="PASS">
          <params>
            <param index="0">
              <value>
                <![CDATA[Windows]]>
              </value>
            </param>
            <param index="1">
              <value>
                <![CDATA[chrome]]>
              </value>
            </param>
          </params>
          <reporter-output>
          </reporter-output>
        </test-method> <!-- setup -->
        <test-method signature="verify_car_loan_calculator()[pri:1, instance:testCases.TC_001_CarLoanCalculatorTest@e15b7e8]" started-at="2024-02-12T09:53:35 IST" name="verify_car_loan_calculator" finished-at="2024-02-12T09:53:59 IST" duration-ms="23686" status="PASS">
          <reporter-output>
          </reporter-output>
        </test-method> <!-- verify_car_loan_calculator -->
        <test-method is-config="true" signature="tearDown()[pri:0, instance:testCases.TC_001_CarLoanCalculatorTest@e15b7e8]" started-at="2024-02-12T09:54:00 IST" name="tearDown" finished-at="2024-02-12T09:54:01 IST" duration-ms="1493" status="PASS">
          <reporter-output>
          </reporter-output>
        </test-method> <!-- tearDown -->
      </class> <!-- testCases.TC_001_CarLoanCalculatorTest -->
    </test> <!-- Test -->
  </suite> <!-- Suite -->
</testng-results>
